<?xml version="1.0" encoding="UTF-8"?>
<testsuite xmlns:xsi="http://www.w3.org/2001/XMLSchema-instance" xsi:noNamespaceSchemaLocation="https://maven.apache.org/surefire/maven-surefire-plugin/xsd/surefire-test-report.xsd" name="com.cts.CamelSpringApplicationTests" time="7.83" tests="1" errors="0" skipped="0" failures="0">
  <properties>
    <property name="sun.desktop" value="windows"/>
    <property name="awt.toolkit" value="sun.awt.windows.WToolkit"/>
    <property name="file.encoding.pkg" value="sun.io"/>
    <property name="java.specification.version" value="1.8"/>
    <property name="sun.cpu.isalist" value="amd64"/>
    <property name="sun.jnu.encoding" value="Cp1252"/>
    <property name="java.class.path" value="C:\Users\844011\Documents\Spring boot workspace 2.0\camel-spring\target\test-classes;C:\Users\844011\Documents\Spring boot workspace 2.0\camel-spring\target\classes;C:\Users\844011\.m2\repository\org\springframework\boot\spring-boot-starter-web\2.3.5.RELEASE\spring-boot-starter-web-2.3.5.RELEASE.jar;C:\Users\844011\.m2\repository\org\springframework\boot\spring-boot-starter\2.3.5.RELEASE\spring-boot-starter-2.3.5.RELEASE.jar;C:\Users\844011\.m2\repository\org\springframework\boot\spring-boot\2.3.5.RELEASE\spring-boot-2.3.5.RELEASE.jar;C:\Users\844011\.m2\repository\org\springframework\boot\spring-boot-autoconfigure\2.3.5.RELEASE\spring-boot-autoconfigure-2.3.5.RELEASE.jar;C:\Users\844011\.m2\repository\org\springframework\boot\spring-boot-starter-logging\2.3.5.RELEASE\spring-boot-starter-logging-2.3.5.RELEASE.jar;C:\Users\844011\.m2\repository\ch\qos\logback\logback-classic\1.2.3\logback-classic-1.2.3.jar;C:\Users\844011\.m2\repository\ch\qos\logback\logback-core\1.2.3\logback-core-1.2.3.jar;C:\Users\844011\.m2\repository\org\apache\logging\log4j\log4j-to-slf4j\2.13.3\log4j-to-slf4j-2.13.3.jar;C:\Users\844011\.m2\repository\org\apache\logging\log4j\log4j-api\2.13.3\log4j-api-2.13.3.jar;C:\Users\844011\.m2\repository\org\slf4j\jul-to-slf4j\1.7.30\jul-to-slf4j-1.7.30.jar;C:\Users\844011\.m2\repository\jakarta\annotation\jakarta.annotation-api\1.3.5\jakarta.annotation-api-1.3.5.jar;C:\Users\844011\.m2\repository\org\yaml\snakeyaml\1.26\snakeyaml-1.26.jar;C:\Users\844011\.m2\repository\org\springframework\boot\spring-boot-starter-json\2.3.5.RELEASE\spring-boot-starter-json-2.3.5.RELEASE.jar;C:\Users\844011\.m2\repository\com\fasterxml\jackson\core\jackson-databind\2.11.3\jackson-databind-2.11.3.jar;C:\Users\844011\.m2\repository\com\fasterxml\jackson\core\jackson-annotations\2.11.3\jackson-annotations-2.11.3.jar;C:\Users\844011\.m2\repository\com\fasterxml\jackson\core\jackson-core\2.11.3\jackson-core-2.11.3.jar;C:\Users\844011\.m2\repository\com\fasterxml\jackson\datatype\jackson-datatype-jdk8\2.11.3\jackson-datatype-jdk8-2.11.3.jar;C:\Users\844011\.m2\repository\com\fasterxml\jackson\datatype\jackson-datatype-jsr310\2.11.3\jackson-datatype-jsr310-2.11.3.jar;C:\Users\844011\.m2\repository\com\fasterxml\jackson\module\jackson-module-parameter-names\2.11.3\jackson-module-parameter-names-2.11.3.jar;C:\Users\844011\.m2\repository\org\springframework\boot\spring-boot-starter-tomcat\2.3.5.RELEASE\spring-boot-starter-tomcat-2.3.5.RELEASE.jar;C:\Users\844011\.m2\repository\org\apache\tomcat\embed\tomcat-embed-core\9.0.39\tomcat-embed-core-9.0.39.jar;C:\Users\844011\.m2\repository\org\glassfish\jakarta.el\3.0.3\jakarta.el-3.0.3.jar;C:\Users\844011\.m2\repository\org\apache\tomcat\embed\tomcat-embed-websocket\9.0.39\tomcat-embed-websocket-9.0.39.jar;C:\Users\844011\.m2\repository\org\springframework\spring-web\5.2.10.RELEASE\spring-web-5.2.10.RELEASE.jar;C:\Users\844011\.m2\repository\org\springframework\spring-beans\5.2.10.RELEASE\spring-beans-5.2.10.RELEASE.jar;C:\Users\844011\.m2\repository\org\springframework\spring-webmvc\5.2.10.RELEASE\spring-webmvc-5.2.10.RELEASE.jar;C:\Users\844011\.m2\repository\org\springframework\spring-aop\5.2.10.RELEASE\spring-aop-5.2.10.RELEASE.jar;C:\Users\844011\.m2\repository\org\springframework\spring-context\5.2.10.RELEASE\spring-context-5.2.10.RELEASE.jar;C:\Users\844011\.m2\repository\org\springframework\spring-expression\5.2.10.RELEASE\spring-expression-5.2.10.RELEASE.jar;C:\Users\844011\.m2\repository\org\apache\camel\springboot\camel-spring-boot-starter\3.5.0\camel-spring-boot-starter-3.5.0.jar;C:\Users\844011\.m2\repository\org\apache\camel\springboot\camel-spring-boot\3.5.0\camel-spring-boot-3.5.0.jar;C:\Users\844011\.m2\repository\org\apache\camel\camel-spring\3.5.0\camel-spring-3.5.0.jar;C:\Users\844011\.m2\repository\org\apache\camel\camel-core-engine\3.5.0\camel-core-engine-3.5.0.jar;C:\Users\844011\.m2\repository\org\apache\camel\camel-xml-jaxb\3.5.0\camel-xml-jaxb-3.5.0.jar;C:\Users\844011\.m2\repository\com\sun\xml\bind\jaxb-core\2.3.0\jaxb-core-2.3.0.jar;C:\Users\844011\.m2\repository\com\sun\xml\bind\jaxb-impl\2.3.0\jaxb-impl-2.3.0.jar;C:\Users\844011\.m2\repository\org\apache\camel\camel-xml-jaxp\3.5.0\camel-xml-jaxp-3.5.0.jar;C:\Users\844011\.m2\repository\org\apache\camel\camel-bean\3.5.0\camel-bean-3.5.0.jar;C:\Users\844011\.m2\repository\org\apache\camel\camel-management-api\3.5.0\camel-management-api-3.5.0.jar;C:\Users\844011\.m2\repository\org\apache\camel\camel-core-xml\3.5.0\camel-core-xml-3.5.0.jar;C:\Users\844011\.m2\repository\org\springframework\spring-tx\5.2.10.RELEASE\spring-tx-5.2.10.RELEASE.jar;C:\Users\844011\.m2\repository\org\apache\camel\camel-cloud\3.5.0\camel-cloud-3.5.0.jar;C:\Users\844011\.m2\repository\org\apache\camel\camel-cluster\3.5.0\camel-cluster-3.5.0.jar;C:\Users\844011\.m2\repository\org\apache\camel\camel-core-catalog\3.5.0\camel-core-catalog-3.5.0.jar;C:\Users\844011\.m2\repository\org\apache\camel\camel-api\3.5.0\camel-api-3.5.0.jar;C:\Users\844011\.m2\repository\org\apache\camel\camel-tooling-model\3.5.0\camel-tooling-model-3.5.0.jar;C:\Users\844011\.m2\repository\org\apache\camel\camel-util-json\3.5.0\camel-util-json-3.5.0.jar;C:\Users\844011\.m2\repository\org\apache\camel\camel-health\3.5.0\camel-health-3.5.0.jar;C:\Users\844011\.m2\repository\org\apache\camel\camel-main\3.5.0\camel-main-3.5.0.jar;C:\Users\844011\.m2\repository\org\apache\camel\camel-base\3.5.0\camel-base-3.5.0.jar;C:\Users\844011\.m2\repository\org\apache\camel\camel-support\3.5.0\camel-support-3.5.0.jar;C:\Users\844011\.m2\repository\org\apache\camel\camel-util\3.5.0\camel-util-3.5.0.jar;C:\Users\844011\.m2\repository\org\apache\camel\camel-core-languages\3.5.0\camel-core-languages-3.5.0.jar;C:\Users\844011\.m2\repository\org\apache\camel\springboot\camel-core-starter\3.5.0\camel-core-starter-3.5.0.jar;C:\Users\844011\.m2\repository\org\apache\camel\camel-core\3.5.0\camel-core-3.5.0.jar;C:\Users\844011\.m2\repository\org\apache\camel\camel-browse\3.5.0\camel-browse-3.5.0.jar;C:\Users\844011\.m2\repository\org\apache\camel\camel-caffeine-lrucache\3.5.0\camel-caffeine-lrucache-3.5.0.jar;C:\Users\844011\.m2\repository\com\github\ben-manes\caffeine\caffeine\2.8.6\caffeine-2.8.6.jar;C:\Users\844011\.m2\repository\org\apache\camel\camel-controlbus\3.5.0\camel-controlbus-3.5.0.jar;C:\Users\844011\.m2\repository\org\apache\camel\camel-dataformat\3.5.0\camel-dataformat-3.5.0.jar;C:\Users\844011\.m2\repository\org\apache\camel\camel-dataset\3.5.0\camel-dataset-3.5.0.jar;C:\Users\844011\.m2\repository\org\apache\camel\camel-direct\3.5.0\camel-direct-3.5.0.jar;C:\Users\844011\.m2\repository\org\apache\camel\camel-directvm\3.5.0\camel-directvm-3.5.0.jar;C:\Users\844011\.m2\repository\org\apache\camel\camel-file\3.5.0\camel-file-3.5.0.jar;C:\Users\844011\.m2\repository\org\apache\camel\camel-language\3.5.0\camel-language-3.5.0.jar;C:\Users\844011\.m2\repository\org\apache\camel\camel-log\3.5.0\camel-log-3.5.0.jar;C:\Users\844011\.m2\repository\org\apache\camel\camel-mock\3.5.0\camel-mock-3.5.0.jar;C:\Users\844011\.m2\repository\org\apache\camel\camel-ref\3.5.0\camel-ref-3.5.0.jar;C:\Users\844011\.m2\repository\org\apache\camel\camel-rest\3.5.0\camel-rest-3.5.0.jar;C:\Users\844011\.m2\repository\org\apache\camel\camel-saga\3.5.0\camel-saga-3.5.0.jar;C:\Users\844011\.m2\repository\org\apache\camel\camel-scheduler\3.5.0\camel-scheduler-3.5.0.jar;C:\Users\844011\.m2\repository\org\apache\camel\camel-seda\3.5.0\camel-seda-3.5.0.jar;C:\Users\844011\.m2\repository\org\apache\camel\camel-stub\3.5.0\camel-stub-3.5.0.jar;C:\Users\844011\.m2\repository\org\apache\camel\camel-timer\3.5.0\camel-timer-3.5.0.jar;C:\Users\844011\.m2\repository\org\apache\camel\camel-validator\3.5.0\camel-validator-3.5.0.jar;C:\Users\844011\.m2\repository\org\apache\camel\camel-vm\3.5.0\camel-vm-3.5.0.jar;C:\Users\844011\.m2\repository\org\apache\camel\camel-xpath\3.5.0\camel-xpath-3.5.0.jar;C:\Users\844011\.m2\repository\org\apache\camel\camel-xslt\3.5.0\camel-xslt-3.5.0.jar;C:\Users\844011\.m2\repository\org\springframework\boot\spring-boot-starter-test\2.3.5.RELEASE\spring-boot-starter-test-2.3.5.RELEASE.jar;C:\Users\844011\.m2\repository\org\springframework\boot\spring-boot-test\2.3.5.RELEASE\spring-boot-test-2.3.5.RELEASE.jar;C:\Users\844011\.m2\repository\org\springframework\boot\spring-boot-test-autoconfigure\2.3.5.RELEASE\spring-boot-test-autoconfigure-2.3.5.RELEASE.jar;C:\Users\844011\.m2\repository\com\jayway\jsonpath\json-path\2.4.0\json-path-2.4.0.jar;C:\Users\844011\.m2\repository\net\minidev\json-smart\2.3\json-smart-2.3.jar;C:\Users\844011\.m2\repository\net\minidev\accessors-smart\1.2\accessors-smart-1.2.jar;C:\Users\844011\.m2\repository\org\ow2\asm\asm\5.0.4\asm-5.0.4.jar;C:\Users\844011\.m2\repository\org\slf4j\slf4j-api\1.7.30\slf4j-api-1.7.30.jar;C:\Users\844011\.m2\repository\jakarta\xml\bind\jakarta.xml.bind-api\2.3.3\jakarta.xml.bind-api-2.3.3.jar;C:\Users\844011\.m2\repository\jakarta\activation\jakarta.activation-api\1.2.2\jakarta.activation-api-1.2.2.jar;C:\Users\844011\.m2\repository\org\assertj\assertj-core\3.16.1\assertj-core-3.16.1.jar;C:\Users\844011\.m2\repository\org\hamcrest\hamcrest\2.2\hamcrest-2.2.jar;C:\Users\844011\.m2\repository\org\junit\jupiter\junit-jupiter\5.6.3\junit-jupiter-5.6.3.jar;C:\Users\844011\.m2\repository\org\junit\jupiter\junit-jupiter-api\5.6.3\junit-jupiter-api-5.6.3.jar;C:\Users\844011\.m2\repository\org\apiguardian\apiguardian-api\1.1.0\apiguardian-api-1.1.0.jar;C:\Users\844011\.m2\repository\org\opentest4j\opentest4j\1.2.0\opentest4j-1.2.0.jar;C:\Users\844011\.m2\repository\org\junit\platform\junit-platform-commons\1.6.3\junit-platform-commons-1.6.3.jar;C:\Users\844011\.m2\repository\org\junit\jupiter\junit-jupiter-params\5.6.3\junit-jupiter-params-5.6.3.jar;C:\Users\844011\.m2\repository\org\junit\jupiter\junit-jupiter-engine\5.6.3\junit-jupiter-engine-5.6.3.jar;C:\Users\844011\.m2\repository\org\junit\platform\junit-platform-engine\1.6.3\junit-platform-engine-1.6.3.jar;C:\Users\844011\.m2\repository\org\mockito\mockito-core\3.3.3\mockito-core-3.3.3.jar;C:\Users\844011\.m2\repository\net\bytebuddy\byte-buddy\1.10.17\byte-buddy-1.10.17.jar;C:\Users\844011\.m2\repository\net\bytebuddy\byte-buddy-agent\1.10.17\byte-buddy-agent-1.10.17.jar;C:\Users\844011\.m2\repository\org\objenesis\objenesis\2.6\objenesis-2.6.jar;C:\Users\844011\.m2\repository\org\mockito\mockito-junit-jupiter\3.3.3\mockito-junit-jupiter-3.3.3.jar;C:\Users\844011\.m2\repository\org\skyscreamer\jsonassert\1.5.0\jsonassert-1.5.0.jar;C:\Users\844011\.m2\repository\com\vaadin\external\google\android-json\0.0.20131108.vaadin1\android-json-0.0.20131108.vaadin1.jar;C:\Users\844011\.m2\repository\org\springframework\spring-core\5.2.10.RELEASE\spring-core-5.2.10.RELEASE.jar;C:\Users\844011\.m2\repository\org\springframework\spring-jcl\5.2.10.RELEASE\spring-jcl-5.2.10.RELEASE.jar;C:\Users\844011\.m2\repository\org\springframework\spring-test\5.2.10.RELEASE\spring-test-5.2.10.RELEASE.jar;C:\Users\844011\.m2\repository\org\xmlunit\xmlunit-core\2.7.0\xmlunit-core-2.7.0.jar;"/>
    <property name="java.vm.vendor" value="Oracle Corporation"/>
    <property name="sun.arch.data.model" value="64"/>
    <property name="user.variant" value=""/>
    <property name="java.vendor.url" value="http://java.oracle.com/"/>
    <property name="user.timezone" value="Asia/Calcutta"/>
    <property name="java.vm.specification.version" value="1.8"/>
    <property name="os.name" value="Windows 10"/>
    <property name="user.country" value="US"/>
    <property name="sun.java.launcher" value="SUN_STANDARD"/>
    <property name="sun.boot.library.path" value="C:\Program Files\Java\jdk1.8.0_251\jre\bin"/>
    <property name="sun.java.command" value="C:\Users\844011\AppData\Local\Temp\surefire4097970695971332180\surefirebooter4000283459893252064.jar C:\Users\844011\AppData\Local\Temp\surefire4097970695971332180 2020-11-25T11-03-18_470-jvmRun1 surefire4371936250805467873tmp surefire_05450567933768950915tmp"/>
    <property name="surefire.test.class.path" value="C:\Users\844011\Documents\Spring boot workspace 2.0\camel-spring\target\test-classes;C:\Users\844011\Documents\Spring boot workspace 2.0\camel-spring\target\classes;C:\Users\844011\.m2\repository\org\springframework\boot\spring-boot-starter-web\2.3.5.RELEASE\spring-boot-starter-web-2.3.5.RELEASE.jar;C:\Users\844011\.m2\repository\org\springframework\boot\spring-boot-starter\2.3.5.RELEASE\spring-boot-starter-2.3.5.RELEASE.jar;C:\Users\844011\.m2\repository\org\springframework\boot\spring-boot\2.3.5.RELEASE\spring-boot-2.3.5.RELEASE.jar;C:\Users\844011\.m2\repository\org\springframework\boot\spring-boot-autoconfigure\2.3.5.RELEASE\spring-boot-autoconfigure-2.3.5.RELEASE.jar;C:\Users\844011\.m2\repository\org\springframework\boot\spring-boot-starter-logging\2.3.5.RELEASE\spring-boot-starter-logging-2.3.5.RELEASE.jar;C:\Users\844011\.m2\repository\ch\qos\logback\logback-classic\1.2.3\logback-classic-1.2.3.jar;C:\Users\844011\.m2\repository\ch\qos\logback\logback-core\1.2.3\logback-core-1.2.3.jar;C:\Users\844011\.m2\repository\org\apache\logging\log4j\log4j-to-slf4j\2.13.3\log4j-to-slf4j-2.13.3.jar;C:\Users\844011\.m2\repository\org\apache\logging\log4j\log4j-api\2.13.3\log4j-api-2.13.3.jar;C:\Users\844011\.m2\repository\org\slf4j\jul-to-slf4j\1.7.30\jul-to-slf4j-1.7.30.jar;C:\Users\844011\.m2\repository\jakarta\annotation\jakarta.annotation-api\1.3.5\jakarta.annotation-api-1.3.5.jar;C:\Users\844011\.m2\repository\org\yaml\snakeyaml\1.26\snakeyaml-1.26.jar;C:\Users\844011\.m2\repository\org\springframework\boot\spring-boot-starter-json\2.3.5.RELEASE\spring-boot-starter-json-2.3.5.RELEASE.jar;C:\Users\844011\.m2\repository\com\fasterxml\jackson\core\jackson-databind\2.11.3\jackson-databind-2.11.3.jar;C:\Users\844011\.m2\repository\com\fasterxml\jackson\core\jackson-annotations\2.11.3\jackson-annotations-2.11.3.jar;C:\Users\844011\.m2\repository\com\fasterxml\jackson\core\jackson-core\2.11.3\jackson-core-2.11.3.jar;C:\Users\844011\.m2\repository\com\fasterxml\jackson\datatype\jackson-datatype-jdk8\2.11.3\jackson-datatype-jdk8-2.11.3.jar;C:\Users\844011\.m2\repository\com\fasterxml\jackson\datatype\jackson-datatype-jsr310\2.11.3\jackson-datatype-jsr310-2.11.3.jar;C:\Users\844011\.m2\repository\com\fasterxml\jackson\module\jackson-module-parameter-names\2.11.3\jackson-module-parameter-names-2.11.3.jar;C:\Users\844011\.m2\repository\org\springframework\boot\spring-boot-starter-tomcat\2.3.5.RELEASE\spring-boot-starter-tomcat-2.3.5.RELEASE.jar;C:\Users\844011\.m2\repository\org\apache\tomcat\embed\tomcat-embed-core\9.0.39\tomcat-embed-core-9.0.39.jar;C:\Users\844011\.m2\repository\org\glassfish\jakarta.el\3.0.3\jakarta.el-3.0.3.jar;C:\Users\844011\.m2\repository\org\apache\tomcat\embed\tomcat-embed-websocket\9.0.39\tomcat-embed-websocket-9.0.39.jar;C:\Users\844011\.m2\repository\org\springframework\spring-web\5.2.10.RELEASE\spring-web-5.2.10.RELEASE.jar;C:\Users\844011\.m2\repository\org\springframework\spring-beans\5.2.10.RELEASE\spring-beans-5.2.10.RELEASE.jar;C:\Users\844011\.m2\repository\org\springframework\spring-webmvc\5.2.10.RELEASE\spring-webmvc-5.2.10.RELEASE.jar;C:\Users\844011\.m2\repository\org\springframework\spring-aop\5.2.10.RELEASE\spring-aop-5.2.10.RELEASE.jar;C:\Users\844011\.m2\repository\org\springframework\spring-context\5.2.10.RELEASE\spring-context-5.2.10.RELEASE.jar;C:\Users\844011\.m2\repository\org\springframework\spring-expression\5.2.10.RELEASE\spring-expression-5.2.10.RELEASE.jar;C:\Users\844011\.m2\repository\org\apache\camel\springboot\camel-spring-boot-starter\3.5.0\camel-spring-boot-starter-3.5.0.jar;C:\Users\844011\.m2\repository\org\apache\camel\springboot\camel-spring-boot\3.5.0\camel-spring-boot-3.5.0.jar;C:\Users\844011\.m2\repository\org\apache\camel\camel-spring\3.5.0\camel-spring-3.5.0.jar;C:\Users\844011\.m2\repository\org\apache\camel\camel-core-engine\3.5.0\camel-core-engine-3.5.0.jar;C:\Users\844011\.m2\repository\org\apache\camel\camel-xml-jaxb\3.5.0\camel-xml-jaxb-3.5.0.jar;C:\Users\844011\.m2\repository\com\sun\xml\bind\jaxb-core\2.3.0\jaxb-core-2.3.0.jar;C:\Users\844011\.m2\repository\com\sun\xml\bind\jaxb-impl\2.3.0\jaxb-impl-2.3.0.jar;C:\Users\844011\.m2\repository\org\apache\camel\camel-xml-jaxp\3.5.0\camel-xml-jaxp-3.5.0.jar;C:\Users\844011\.m2\repository\org\apache\camel\camel-bean\3.5.0\camel-bean-3.5.0.jar;C:\Users\844011\.m2\repository\org\apache\camel\camel-management-api\3.5.0\camel-management-api-3.5.0.jar;C:\Users\844011\.m2\repository\org\apache\camel\camel-core-xml\3.5.0\camel-core-xml-3.5.0.jar;C:\Users\844011\.m2\repository\org\springframework\spring-tx\5.2.10.RELEASE\spring-tx-5.2.10.RELEASE.jar;C:\Users\844011\.m2\repository\org\apache\camel\camel-cloud\3.5.0\camel-cloud-3.5.0.jar;C:\Users\844011\.m2\repository\org\apache\camel\camel-cluster\3.5.0\camel-cluster-3.5.0.jar;C:\Users\844011\.m2\repository\org\apache\camel\camel-core-catalog\3.5.0\camel-core-catalog-3.5.0.jar;C:\Users\844011\.m2\repository\org\apache\camel\camel-api\3.5.0\camel-api-3.5.0.jar;C:\Users\844011\.m2\repository\org\apache\camel\camel-tooling-model\3.5.0\camel-tooling-model-3.5.0.jar;C:\Users\844011\.m2\repository\org\apache\camel\camel-util-json\3.5.0\camel-util-json-3.5.0.jar;C:\Users\844011\.m2\repository\org\apache\camel\camel-health\3.5.0\camel-health-3.5.0.jar;C:\Users\844011\.m2\repository\org\apache\camel\camel-main\3.5.0\camel-main-3.5.0.jar;C:\Users\844011\.m2\repository\org\apache\camel\camel-base\3.5.0\camel-base-3.5.0.jar;C:\Users\844011\.m2\repository\org\apache\camel\camel-support\3.5.0\camel-support-3.5.0.jar;C:\Users\844011\.m2\repository\org\apache\camel\camel-util\3.5.0\camel-util-3.5.0.jar;C:\Users\844011\.m2\repository\org\apache\camel\camel-core-languages\3.5.0\camel-core-languages-3.5.0.jar;C:\Users\844011\.m2\repository\org\apache\camel\springboot\camel-core-starter\3.5.0\camel-core-starter-3.5.0.jar;C:\Users\844011\.m2\repository\org\apache\camel\camel-core\3.5.0\camel-core-3.5.0.jar;C:\Users\844011\.m2\repository\org\apache\camel\camel-browse\3.5.0\camel-browse-3.5.0.jar;C:\Users\844011\.m2\repository\org\apache\camel\camel-caffeine-lrucache\3.5.0\camel-caffeine-lrucache-3.5.0.jar;C:\Users\844011\.m2\repository\com\github\ben-manes\caffeine\caffeine\2.8.6\caffeine-2.8.6.jar;C:\Users\844011\.m2\repository\org\apache\camel\camel-controlbus\3.5.0\camel-controlbus-3.5.0.jar;C:\Users\844011\.m2\repository\org\apache\camel\camel-dataformat\3.5.0\camel-dataformat-3.5.0.jar;C:\Users\844011\.m2\repository\org\apache\camel\camel-dataset\3.5.0\camel-dataset-3.5.0.jar;C:\Users\844011\.m2\repository\org\apache\camel\camel-direct\3.5.0\camel-direct-3.5.0.jar;C:\Users\844011\.m2\repository\org\apache\camel\camel-directvm\3.5.0\camel-directvm-3.5.0.jar;C:\Users\844011\.m2\repository\org\apache\camel\camel-file\3.5.0\camel-file-3.5.0.jar;C:\Users\844011\.m2\repository\org\apache\camel\camel-language\3.5.0\camel-language-3.5.0.jar;C:\Users\844011\.m2\repository\org\apache\camel\camel-log\3.5.0\camel-log-3.5.0.jar;C:\Users\844011\.m2\repository\org\apache\camel\camel-mock\3.5.0\camel-mock-3.5.0.jar;C:\Users\844011\.m2\repository\org\apache\camel\camel-ref\3.5.0\camel-ref-3.5.0.jar;C:\Users\844011\.m2\repository\org\apache\camel\camel-rest\3.5.0\camel-rest-3.5.0.jar;C:\Users\844011\.m2\repository\org\apache\camel\camel-saga\3.5.0\camel-saga-3.5.0.jar;C:\Users\844011\.m2\repository\org\apache\camel\camel-scheduler\3.5.0\camel-scheduler-3.5.0.jar;C:\Users\844011\.m2\repository\org\apache\camel\camel-seda\3.5.0\camel-seda-3.5.0.jar;C:\Users\844011\.m2\repository\org\apache\camel\camel-stub\3.5.0\camel-stub-3.5.0.jar;C:\Users\844011\.m2\repository\org\apache\camel\camel-timer\3.5.0\camel-timer-3.5.0.jar;C:\Users\844011\.m2\repository\org\apache\camel\camel-validator\3.5.0\camel-validator-3.5.0.jar;C:\Users\844011\.m2\repository\org\apache\camel\camel-vm\3.5.0\camel-vm-3.5.0.jar;C:\Users\844011\.m2\repository\org\apache\camel\camel-xpath\3.5.0\camel-xpath-3.5.0.jar;C:\Users\844011\.m2\repository\org\apache\camel\camel-xslt\3.5.0\camel-xslt-3.5.0.jar;C:\Users\844011\.m2\repository\org\springframework\boot\spring-boot-starter-test\2.3.5.RELEASE\spring-boot-starter-test-2.3.5.RELEASE.jar;C:\Users\844011\.m2\repository\org\springframework\boot\spring-boot-test\2.3.5.RELEASE\spring-boot-test-2.3.5.RELEASE.jar;C:\Users\844011\.m2\repository\org\springframework\boot\spring-boot-test-autoconfigure\2.3.5.RELEASE\spring-boot-test-autoconfigure-2.3.5.RELEASE.jar;C:\Users\844011\.m2\repository\com\jayway\jsonpath\json-path\2.4.0\json-path-2.4.0.jar;C:\Users\844011\.m2\repository\net\minidev\json-smart\2.3\json-smart-2.3.jar;C:\Users\844011\.m2\repository\net\minidev\accessors-smart\1.2\accessors-smart-1.2.jar;C:\Users\844011\.m2\repository\org\ow2\asm\asm\5.0.4\asm-5.0.4.jar;C:\Users\844011\.m2\repository\org\slf4j\slf4j-api\1.7.30\slf4j-api-1.7.30.jar;C:\Users\844011\.m2\repository\jakarta\xml\bind\jakarta.xml.bind-api\2.3.3\jakarta.xml.bind-api-2.3.3.jar;C:\Users\844011\.m2\repository\jakarta\activation\jakarta.activation-api\1.2.2\jakarta.activation-api-1.2.2.jar;C:\Users\844011\.m2\repository\org\assertj\assertj-core\3.16.1\assertj-core-3.16.1.jar;C:\Users\844011\.m2\repository\org\hamcrest\hamcrest\2.2\hamcrest-2.2.jar;C:\Users\844011\.m2\repository\org\junit\jupiter\junit-jupiter\5.6.3\junit-jupiter-5.6.3.jar;C:\Users\844011\.m2\repository\org\junit\jupiter\junit-jupiter-api\5.6.3\junit-jupiter-api-5.6.3.jar;C:\Users\844011\.m2\repository\org\apiguardian\apiguardian-api\1.1.0\apiguardian-api-1.1.0.jar;C:\Users\844011\.m2\repository\org\opentest4j\opentest4j\1.2.0\opentest4j-1.2.0.jar;C:\Users\844011\.m2\repository\org\junit\platform\junit-platform-commons\1.6.3\junit-platform-commons-1.6.3.jar;C:\Users\844011\.m2\repository\org\junit\jupiter\junit-jupiter-params\5.6.3\junit-jupiter-params-5.6.3.jar;C:\Users\844011\.m2\repository\org\junit\jupiter\junit-jupiter-engine\5.6.3\junit-jupiter-engine-5.6.3.jar;C:\Users\844011\.m2\repository\org\junit\platform\junit-platform-engine\1.6.3\junit-platform-engine-1.6.3.jar;C:\Users\844011\.m2\repository\org\mockito\mockito-core\3.3.3\mockito-core-3.3.3.jar;C:\Users\844011\.m2\repository\net\bytebuddy\byte-buddy\1.10.17\byte-buddy-1.10.17.jar;C:\Users\844011\.m2\repository\net\bytebuddy\byte-buddy-agent\1.10.17\byte-buddy-agent-1.10.17.jar;C:\Users\844011\.m2\repository\org\objenesis\objenesis\2.6\objenesis-2.6.jar;C:\Users\844011\.m2\repository\org\mockito\mockito-junit-jupiter\3.3.3\mockito-junit-jupiter-3.3.3.jar;C:\Users\844011\.m2\repository\org\skyscreamer\jsonassert\1.5.0\jsonassert-1.5.0.jar;C:\Users\844011\.m2\repository\com\vaadin\external\google\android-json\0.0.20131108.vaadin1\android-json-0.0.20131108.vaadin1.jar;C:\Users\844011\.m2\repository\org\springframework\spring-core\5.2.10.RELEASE\spring-core-5.2.10.RELEASE.jar;C:\Users\844011\.m2\repository\org\springframework\spring-jcl\5.2.10.RELEASE\spring-jcl-5.2.10.RELEASE.jar;C:\Users\844011\.m2\repository\org\springframework\spring-test\5.2.10.RELEASE\spring-test-5.2.10.RELEASE.jar;C:\Users\844011\.m2\repository\org\xmlunit\xmlunit-core\2.7.0\xmlunit-core-2.7.0.jar;"/>
    <property name="sun.cpu.endian" value="little"/>
    <property name="user.home" value="C:\Users\844011"/>
    <property name="user.language" value="en"/>
    <property name="java.specification.vendor" value="Oracle Corporation"/>
    <property name="java.home" value="C:\Program Files\Java\jdk1.8.0_251\jre"/>
    <property name="basedir" value="C:\Users\844011\Documents\Spring boot workspace 2.0\camel-spring"/>
    <property name="file.separator" value="\"/>
    <property name="line.separator" value="&#10;"/>
    <property name="java.vm.specification.vendor" value="Oracle Corporation"/>
    <property name="java.specification.name" value="Java Platform API Specification"/>
    <property name="java.awt.graphicsenv" value="sun.awt.Win32GraphicsEnvironment"/>
    <property name="surefire.real.class.path" value="C:\Users\844011\AppData\Local\Temp\surefire4097970695971332180\surefirebooter4000283459893252064.jar"/>
    <property name="sun.boot.class.path" value="C:\Program Files\Java\jdk1.8.0_251\jre\lib\resources.jar;C:\Program Files\Java\jdk1.8.0_251\jre\lib\rt.jar;C:\Program Files\Java\jdk1.8.0_251\jre\lib\sunrsasign.jar;C:\Program Files\Java\jdk1.8.0_251\jre\lib\jsse.jar;C:\Program Files\Java\jdk1.8.0_251\jre\lib\jce.jar;C:\Program Files\Java\jdk1.8.0_251\jre\lib\charsets.jar;C:\Program Files\Java\jdk1.8.0_251\jre\lib\jfr.jar;C:\Program Files\Java\jdk1.8.0_251\jre\classes"/>
    <property name="user.script" value=""/>
    <property name="sun.management.compiler" value="HotSpot 64-Bit Tiered Compilers"/>
    <property name="java.runtime.version" value="1.8.0_251-b08"/>
    <property name="user.name" value="844011"/>
    <property name="path.separator" value=";"/>
    <property name="os.version" value="10.0"/>
    <property name="java.endorsed.dirs" value="C:\Program Files\Java\jdk1.8.0_251\jre\lib\endorsed"/>
    <property name="java.runtime.name" value="Java(TM) SE Runtime Environment"/>
    <property name="file.encoding" value="Cp1252"/>
    <property name="java.vm.name" value="Java HotSpot(TM) 64-Bit Server VM"/>
    <property name="localRepository" value="C:\Users\844011\.m2\repository"/>
    <property name="java.vendor.url.bug" value="http://bugreport.sun.com/bugreport/"/>
    <property name="java.io.tmpdir" value="C:\Users\844011\AppData\Local\Temp\"/>
    <property name="java.version" value="1.8.0_251"/>
    <property name="user.dir" value="C:\Users\844011\Documents\Spring boot workspace 2.0\camel-spring"/>
    <property name="os.arch" value="amd64"/>
    <property name="java.vm.specification.name" value="Java Virtual Machine Specification"/>
    <property name="java.awt.printerjob" value="sun.awt.windows.WPrinterJob"/>
    <property name="sun.os.patch.level" value=""/>
    <property name="java.library.path" value="C:\Program Files\Java\jdk1.8.0_251\jre\bin;C:\Windows\Sun\Java\bin;C:\Windows\system32;C:\Windows;C:/Program Files/Java/jre1.8.0_251/bin/server;C:/Program Files/Java/jre1.8.0_251/bin;C:/Program Files/Java/jre1.8.0_251/lib/amd64;C:\Program Files (x86)\Common Files\Oracle\Java\javapath;C:\Windows\system32;C:\Windows;C:\Windows\System32\Wbem;C:\Windows\System32\WindowsPowerShell\v1.0\;C:\Windows\System32\OpenSSH\;C:\Program Files (x86)\Webex\Webex\Applications;C:\Program Files\nodejs\;C:\Program Files\Java\jdk1.8.0_251\bin;C:\Program Files (x86)\Microsoft SQL Server\150\DTS\Binn\;C:\Program Files\Microsoft VS Code\bin;C:\Users\844011\AppData\Local\Microsoft\WindowsApps;C:\Users\844011\AppData\Roaming\npm;C:\spring tool suite\spring-tool-suite-3.8.3.RELEASE-e4.6.2-win32-x86_64\sts-bundle\sts-3.8.3.RELEASE;;."/>
    <property name="java.vm.info" value="mixed mode"/>
    <property name="java.vendor" value="Oracle Corporation"/>
    <property name="java.vm.version" value="25.251-b08"/>
    <property name="java.ext.dirs" value="C:\Program Files\Java\jdk1.8.0_251\jre\lib\ext;C:\Windows\Sun\Java\lib\ext"/>
    <property name="sun.io.unicode.encoding" value="UnicodeLittle"/>
    <property name="java.class.version" value="52.0"/>
  </properties>
  <testcase name="contextLoads" classname="com.cts.CamelSpringApplicationTests" time="1.344"/>
</testsuite>